d:\2023학년도\1.수업관련\동계방과후\다렉\init_directx12\rendering_shadow(class)\init_direct3d\x64\debug\vc143.pdb
d:\2023학년도\1.수업관련\동계방과후\다렉\init_directx12\rendering_shadow(class)\init_direct3d\x64\debug\vc143.idb
d:\2023학년도\1.수업관련\동계방과후\다렉\init_directx12\rendering_shadow(class)\init_direct3d\x64\debug\skinneddata.obj
d:\2023학년도\1.수업관련\동계방과후\다렉\init_directx12\rendering_shadow(class)\init_direct3d\x64\debug\shadowmap.obj
d:\2023학년도\1.수업관련\동계방과후\다렉\init_directx12\rendering_shadow(class)\init_direct3d\x64\debug\loadm3d.obj
d:\2023학년도\1.수업관련\동계방과후\다렉\init_directx12\rendering_shadow(class)\init_direct3d\x64\debug\initdirect3dapp.obj
d:\2023학년도\1.수업관련\동계방과후\다렉\init_directx12\rendering_shadow(class)\init_direct3d\x64\debug\d3dapp.obj
d:\2023학년도\1.수업관련\동계방과후\다렉\init_directx12\rendering_shadow(class)\init_direct3d\x64\debug\mathhelper.obj
d:\2023학년도\1.수업관련\동계방과후\다렉\init_directx12\rendering_shadow(class)\init_direct3d\x64\debug\geometrygenerator.obj
d:\2023학년도\1.수업관련\동계방과후\다렉\init_directx12\rendering_shadow(class)\init_direct3d\x64\debug\gametimer.obj
d:\2023학년도\1.수업관련\동계방과후\다렉\init_directx12\rendering_shadow(class)\init_direct3d\x64\debug\ddstextureloader.obj
d:\2023학년도\1.수업관련\동계방과후\다렉\init_directx12\rendering_shadow(class)\init_direct3d\x64\debug\d3dutil.obj
d:\2023학년도\1.수업관련\동계방과후\다렉\init_directx12\rendering_shadow(class)\init_direct3d\x64\debug\camera.obj
d:\2023학년도\1.수업관련\동계방과후\다렉\init_directx12\rendering_shadow(class)\x64\debug\color.cso
d:\2023학년도\1.수업관련\동계방과후\다렉\init_directx12\rendering_shadow(class)\x64\debug\lightingutil.cso
d:\2023학년도\1.수업관련\동계방과후\다렉\init_directx12\rendering_shadow(class)\x64\debug\skybox.cso
d:\2023학년도\1.수업관련\동계방과후\다렉\init_directx12\rendering_shadow(class)\x64\debug\params.cso
d:\2023학년도\1.수업관련\동계방과후\다렉\init_directx12\rendering_shadow(class)\init_direct3d\x64\debug\init_direct3d.ilk
d:\2023학년도\1.수업관련\동계방과후\다렉\init_directx12\rendering_shadow(class)\x64\debug\init_direct3d.exe
d:\2023학년도\1.수업관련\동계방과후\다렉\init_directx12\rendering_shadow(class)\x64\debug\init_direct3d.pdb
d:\2023학년도\1.수업관련\동계방과후\다렉\init_directx12\rendering_shadow(class)\init_direct3d\x64\debug\init_direct3d.tlog\cl.command.1.tlog
d:\2023학년도\1.수업관련\동계방과후\다렉\init_directx12\rendering_shadow(class)\init_direct3d\x64\debug\init_direct3d.tlog\cl.read.1.tlog
d:\2023학년도\1.수업관련\동계방과후\다렉\init_directx12\rendering_shadow(class)\init_direct3d\x64\debug\init_direct3d.tlog\cl.write.1.tlog
d:\2023학년도\1.수업관련\동계방과후\다렉\init_directx12\rendering_shadow(class)\init_direct3d\x64\debug\init_direct3d.tlog\fxc.command.1.tlog
d:\2023학년도\1.수업관련\동계방과후\다렉\init_directx12\rendering_shadow(class)\init_direct3d\x64\debug\init_direct3d.tlog\fxc.read.1.tlog
d:\2023학년도\1.수업관련\동계방과후\다렉\init_directx12\rendering_shadow(class)\init_direct3d\x64\debug\init_direct3d.tlog\fxc.write.1.tlog
d:\2023학년도\1.수업관련\동계방과후\다렉\init_directx12\rendering_shadow(class)\init_direct3d\x64\debug\init_direct3d.tlog\link.command.1.tlog
d:\2023학년도\1.수업관련\동계방과후\다렉\init_directx12\rendering_shadow(class)\init_direct3d\x64\debug\init_direct3d.tlog\link.read.1.tlog
d:\2023학년도\1.수업관련\동계방과후\다렉\init_directx12\rendering_shadow(class)\init_direct3d\x64\debug\init_direct3d.tlog\link.write.1.tlog
